[2025-07-11T10:30:25.123Z] POST /shorten from ::1
[2025-07-11T10:30:31.512Z] GET /reactL9 from ::1
[2025-07-11T10:30:38.281Z] GET /stats/reactL9 from ::1
[2025-07-11T10:31:02.432Z] POST /shorten from ::1
[2025-07-11T10:31:15.789Z] GET /expRt5 from ::1[2025-07-11T05:26:32.830Z] GET / from ::1
[2025-07-11T05:28:53.511Z] GET /::1 from ::1
[2025-07-11T05:28:53.591Z] GET /favicon.ico from ::1
[2025-07-11T05:33:30.072Z] GET /::1 from ::1
[2025-07-11T05:33:32.109Z] GET /::1 from ::1
[2025-07-11T05:33:40.530Z] GET /shortner from ::1
[2025-07-11T05:33:47.117Z] GET /.well-known/appspecific/com.chrome.devtools.json from ::1
[2025-07-11T05:40:44.510Z] GET /shortner from ::1
[2025-07-11T05:40:44.630Z] GET /.well-known/appspecific/com.chrome.devtools.json from ::1
[2025-07-11T05:43:22.207Z] GET /.well-known/appspecific/com.chrome.devtools.json from ::1
[2025-07-11T05:44:34.067Z] GET /shortner from ::1
[2025-07-11T05:44:34.162Z] GET /.well-known/appspecific/com.chrome.devtools.json from ::1
[2025-07-11T05:45:20.158Z] GET /shortner from ::1
[2025-07-11T05:45:20.240Z] GET /.well-known/appspecific/com.chrome.devtools.json from ::1
[2025-07-11T05:45:21.056Z] GET /shortner from ::1
[2025-07-11T05:45:21.128Z] GET /.well-known/appspecific/com.chrome.devtools.json from ::1
[2025-07-11T05:45:21.383Z] GET /shortner from ::1
[2025-07-11T05:45:21.454Z] GET /.well-known/appspecific/com.chrome.devtools.json from ::1
[2025-07-11T05:45:21.536Z] GET /shortner from ::1
[2025-07-11T05:45:21.700Z] GET /.well-known/appspecific/com.chrome.devtools.json from ::1
[2025-07-11T05:45:21.780Z] GET /shortner from ::1
[2025-07-11T05:45:21.967Z] GET /.well-known/appspecific/com.chrome.devtools.json from ::1
[2025-07-11T05:48:57.835Z] GET /shortner from ::1
[2025-07-11T05:48:57.963Z] GET /.well-known/appspecific/com.chrome.devtools.json from ::1
[2025-07-11T05:49:00.272Z] GET /shortner from ::1
[2025-07-11T05:49:00.334Z] GET /.well-known/appspecific/com.chrome.devtools.json from ::1
